<?xml version="1.0" encoding="UTF-8"?>
<!-- Generated by org.testng.reporters.JUnitReportReporter -->
<testsuite hostname="LAPTOP-07M3LA1Q" failures="0" tests="1" name="testCases.TC002_LoginTest" time="2.558" errors="0" timestamp="2025-08-07T13:57:31 IST" skipped="0">
  <testcase classname="testCases.TC002_LoginTest" name="verify_Login" time="2.558"/>
</testsuite> <!-- testCases.TC002_LoginTest -->
