<?xml version="1.0" encoding="UTF-8"?>
<!-- Generated by org.testng.reporters.JUnitReportReporter -->
<testsuite hostname="LAPTOP-07M3LA1Q" failures="0" tests="1" name="testCases.Tc001_AccountRegistrationTest" time="2.949" errors="0" timestamp="2025-08-11T12:29:33 IST" skipped="0">
  <testcase classname="testCases.Tc001_AccountRegistrationTest" name="verify_account_registration" time="2.949"/>
</testsuite> <!-- testCases.Tc001_AccountRegistrationTest -->
